<?xml version="1.0" encoding="UTF-8"?>
<testng-results skipped="0" failed="0" ignored="0" total="1" passed="1">
  <reporter-output>
  </reporter-output>
  <suite name="Suite" duration-ms="97" started-at="2020-04-04T19:47:00Z" finished-at="2020-04-04T19:47:00Z">
    <groups>
    </groups>
    <test name="Test" duration-ms="97" started-at="2020-04-04T19:47:00Z" finished-at="2020-04-04T19:47:00Z">
      <class name="pm.orglearnigmaven.mymavenproject.HellomavenTest">
        <test-method status="PASS" signature="demo()[pri:0, instance:pm.orglearnigmaven.mymavenproject.HellomavenTest@70fda8]" name="demo" duration-ms="37" started-at="2020-04-05T01:17:00Z" finished-at="2020-04-05T01:17:00Z">
          <reporter-output>
          </reporter-output>
        </test-method> <!-- demo -->
      </class> <!-- pm.orglearnigmaven.mymavenproject.HellomavenTest -->
    </test> <!-- Test -->
  </suite> <!-- Suite -->
</testng-results>
